<?xml version="1.0" encoding="UTF-8"?>
<!-- Generated by org.testng.reporters.JUnitReportReporter -->
<testsuite hostname="Aishwarya" failures="0" tests="10" name="com.TestPack.MainPage" time="3.986" errors="0" timestamp="2024-05-05T11:18:21 IST" skipped="0">
  <testcase classname="com.TestPack.MainPage" name="TC_008" time="0.059"/>
  <system-out/>
  <testcase classname="com.TestPack.MainPage" name="TC_017" time="0.060"/>
  <system-out/>
  <testcase classname="com.TestPack.MainPage" name="tst" time="0.044"/>
  <system-out/>
  <testcase classname="com.TestPack.MainPage" name="TC_005" time="0.057"/>
  <system-out/>
  <testcase classname="com.TestPack.MainPage" name="TC_011" time="0.061"/>
  <system-out/>
  <testcase classname="com.TestPack.MainPage" name="TC_014" time="0.060"/>
  <system-out/>
  <testcase classname="com.TestPack.MainPage" name="TC_001" time="0.103"/>
  <system-out/>
  <testcase classname="com.TestPack.MainPage" name="TC_020" time="0.046"/>
  <system-out/>
  <testcase classname="com.TestPack.MainPage" name="TC_022" time="0.068"/>
  <system-out/>
  <testcase classname="com.TestPack.MainPage" name="TC_021" time="3.428"/>
  <system-out/>
</testsuite> <!-- com.TestPack.MainPage -->
