<?xml version="1.0" encoding="UTF-8"?>
<!-- Generated by org.testng.reporters.JUnitReportReporter -->
<testsuite hostname="Aishwarya" failures="0" tests="12" name="com.TestPack.RegisterPage" time="0.784" errors="0" timestamp="2024-05-05T11:19:06 IST" skipped="0">
  <testcase classname="com.TestPack.RegisterPage" name="TC_001" time="0.111"/>
  <system-out/>
  <testcase classname="com.TestPack.RegisterPage" name="TC_028" time="0.060"/>
  <system-out/>
  <testcase classname="com.TestPack.RegisterPage" name="TC_010" time="0.058"/>
  <system-out/>
  <testcase classname="com.TestPack.RegisterPage" name="TC_030" time="0.056"/>
  <system-out/>
  <testcase classname="com.TestPack.RegisterPage" name="TC_002" time="0.063"/>
  <system-out/>
  <testcase classname="com.TestPack.RegisterPage" name="TC_003" time="0.061"/>
  <system-out/>
  <testcase classname="com.TestPack.RegisterPage" name="TC_018" time="0.059"/>
  <system-out/>
  <testcase classname="com.TestPack.RegisterPage" name="TC_022" time="0.063"/>
  <system-out/>
  <testcase classname="com.TestPack.RegisterPage" name="TC_006" time="0.092"/>
  <system-out/>
  <testcase classname="com.TestPack.RegisterPage" name="TC_026" time="0.063"/>
  <system-out/>
  <testcase classname="com.TestPack.RegisterPage" name="TC_042" time="0.052"/>
  <system-out/>
  <testcase classname="com.TestPack.RegisterPage" name="TC_014" time="0.046"/>
  <system-out/>
</testsuite> <!-- com.TestPack.RegisterPage -->
