<?xml version="1.0" encoding="UTF-8"?>
<!-- Generated by org.testng.reporters.JUnitReportReporter -->
<testsuite hostname="Aishwarya" failures="0" tests="9" name="com.TestPack.LoginPage" time="0.297" errors="0" timestamp="2024-05-05T11:16:00 IST" skipped="0">
  <testcase classname="com.TestPack.LoginPage" name="TC_003" time="0.030"/>
  <system-out/>
  <testcase classname="com.TestPack.LoginPage" name="TC_015" time="0.027"/>
  <system-out/>
  <testcase classname="com.TestPack.LoginPage" name="TC_010" time="0.031"/>
  <system-out/>
  <testcase classname="com.TestPack.LoginPage" name="TC_002" time="0.034"/>
  <system-out/>
  <testcase classname="com.TestPack.LoginPage" name="TC_007" time="0.029"/>
  <system-out/>
  <testcase classname="com.TestPack.LoginPage" name="TC_001" time="0.054"/>
  <system-out/>
  <testcase classname="com.TestPack.LoginPage" name="TC_011" time="0.022"/>
  <system-out/>
  <testcase classname="com.TestPack.LoginPage" name="TC_006" time="0.033"/>
  <system-out/>
  <testcase classname="com.TestPack.LoginPage" name="TC_014" time="0.037"/>
  <system-out/>
</testsuite> <!-- com.TestPack.LoginPage -->
